app/build/intermediates/manifest_merge_blame_file/debug/manifest-merger-blame-debug-report.txt
1<?xml version="1.0" encoding="utf-8"?>
2<manifest xmlns:android="http://schemas.android.com/apk/res/android"
3    package="com.mssa.emk"
4    android:versionCode="46"
5    android:versionName="2.1.3" >
6
7    <uses-sdk
8        android:minSdkVersion="19"
8-->src/main/AndroidManifest.xml
9        android:targetSdkVersion="29" />
9-->src/main/AndroidManifest.xml
10    <!-- To auto-complete the email text field in the login form with the user's emails -->
11    <uses-permission android:name="android.permission.GET_ACCOUNTS" />
11-->src/main/AndroidManifest.xml:5:5-71
11-->src/main/AndroidManifest.xml:5:22-68
12    <uses-permission android:name="android.permission.READ_PROFILE" />
12-->src/main/AndroidManifest.xml:6:5-71
12-->src/main/AndroidManifest.xml:6:22-68
13    <uses-permission android:name="android.permission.READ_CONTACTS" />
13-->src/main/AndroidManifest.xml:7:5-72
13-->src/main/AndroidManifest.xml:7:22-69
14    <uses-permission android:name="android.permission.WRITE_EXTERNAL_STORAGE" />
14-->src/main/AndroidManifest.xml:8:5-81
14-->src/main/AndroidManifest.xml:8:22-78
15    <uses-permission android:name="android.permission.WRITE_INTERNAL_STORAGE" />
15-->src/main/AndroidManifest.xml:9:5-81
15-->src/main/AndroidManifest.xml:9:22-78
16    <uses-permission android:name="android.permission.READ_EXTERNAL_STORAGE" />
16-->src/main/AndroidManifest.xml:10:5-80
16-->src/main/AndroidManifest.xml:10:22-77
17    <uses-permission android:name="android.permission.CAMERA" />
17-->src/main/AndroidManifest.xml:11:5-65
17-->src/main/AndroidManifest.xml:11:22-62
18    <uses-permission android:name="android.permission.INTERNET" />
18-->src/main/AndroidManifest.xml:12:5-67
18-->src/main/AndroidManifest.xml:12:22-64
19    <uses-permission android:name="android.permission.AUTHENTICATE_ACCOUNTS" />
19-->src/main/AndroidManifest.xml:13:5-80
19-->src/main/AndroidManifest.xml:13:22-77
20    <uses-permission android:name="android.permission.MANAGE_ACCOUNTS" />
20-->src/main/AndroidManifest.xml:14:5-74
20-->src/main/AndroidManifest.xml:14:22-71
21    <uses-permission android:name="android.permission.ACCESS_NETWORK_STATE" /> <!-- <uses-permission android:name="android.permission.SEND_SMS" /> -->
21-->src/main/AndroidManifest.xml:15:5-79
21-->src/main/AndroidManifest.xml:15:22-76
22    <uses-permission android:name="android.permission.READ_PHONE_STATE" />
22-->src/main/AndroidManifest.xml:16:5-75
22-->src/main/AndroidManifest.xml:16:22-72
23    <uses-permission android:name="android.permission.FOREGROUND_SERVICE" />
23-->src/main/AndroidManifest.xml:17:5-77
23-->src/main/AndroidManifest.xml:17:22-74
24    <uses-permission android:name="android.permission.RECEIVE_BOOT_COMPLETED" />
24-->src/main/AndroidManifest.xml:18:5-81
24-->src/main/AndroidManifest.xml:18:22-78
25
26    <uses-feature
26-->src/main/AndroidManifest.xml:20:5-22:35
27        android:name="android.hardware.camera"
27-->src/main/AndroidManifest.xml:21:9-47
28        android:required="true" /> <!-- added support to lenova tab 2 -->
28-->src/main/AndroidManifest.xml:22:9-32
29    <uses-feature
29-->src/main/AndroidManifest.xml:23:5-25:36
30        android:name="android.hardware.camera.autofocus"
30-->src/main/AndroidManifest.xml:24:9-57
31        android:required="false" />
31-->src/main/AndroidManifest.xml:25:9-33
32
33    <uses-permission android:name="android.permission.WAKE_LOCK" /> <!-- Required by older versions of Google Play services to create IID tokens -->
33-->[androidx.work:work-runtime:2.0.1] AndroidManifest.xml:23:5-68
33-->[androidx.work:work-runtime:2.0.1] AndroidManifest.xml:23:22-65
34    <uses-permission android:name="com.google.android.c2dm.permission.RECEIVE" />
34-->[com.google.firebase:firebase-iid:20.2.1] AndroidManifest.xml:26:5-82
34-->[com.google.firebase:firebase-iid:20.2.1] AndroidManifest.xml:26:22-79
35    <uses-permission android:name="com.google.android.finsky.permission.BIND_GET_INSTALL_REFERRER_SERVICE" />
35-->[com.google.android.gms:play-services-measurement:17.5.0] AndroidManifest.xml:26:5-110
35-->[com.google.android.gms:play-services-measurement:17.5.0] AndroidManifest.xml:26:22-107
36
37    <application
37-->src/main/AndroidManifest.xml:27:5-271:19
38        android:name="app.intelehealth.client.app.IntelehealthApplication"
38-->src/main/AndroidManifest.xml:28:9-52
39        android:allowBackup="true"
39-->src/main/AndroidManifest.xml:29:9-35
40        android:appComponentFactory="androidx.core.app.CoreComponentFactory"
40-->[androidx.core:core:1.1.0] AndroidManifest.xml:24:18-86
41        android:debuggable="true"
42        android:icon="@mipmap/ic_launcher"
42-->src/main/AndroidManifest.xml:30:9-43
43        android:label="@string/app_name"
43-->src/main/AndroidManifest.xml:31:9-41
44        android:largeHeap="true"
44-->src/main/AndroidManifest.xml:32:9-33
45        android:networkSecurityConfig="@xml/network_security_configuration"
45-->src/main/AndroidManifest.xml:33:9-76
46        android:roundIcon="@mipmap/ic_launcher_round"
46-->src/main/AndroidManifest.xml:34:9-54
47        android:supportsRtl="true"
47-->src/main/AndroidManifest.xml:35:9-35
48        android:testOnly="true"
49        android:theme="@style/AppTheme"
49-->src/main/AndroidManifest.xml:36:9-40
50        android:usesCleartextTraffic="true" >
50-->src/main/AndroidManifest.xml:37:9-44
51        <activity
51-->src/main/AndroidManifest.xml:39:9-44:59
52            android:name="app.intelehealth.client.activities.privacyNoticeActivity.PrivacyNotice_Activity"
52-->src/main/AndroidManifest.xml:40:13-84
53            android:configChanges="uiMode"
53-->src/main/AndroidManifest.xml:43:13-43
54            android:label="@string/title_activity_privacy_notice"
54-->src/main/AndroidManifest.xml:41:13-66
55            android:screenOrientation="portrait"
55-->src/main/AndroidManifest.xml:42:13-49
56            android:theme="@style/AppTheme.NoActionBar" />
56-->src/main/AndroidManifest.xml:44:13-56
57        <activity
57-->src/main/AndroidManifest.xml:45:9-50:59
58            android:name="app.intelehealth.client.activities.additionalDocumentsActivity.AdditionalDocumentsActivity"
58-->src/main/AndroidManifest.xml:46:13-95
59            android:configChanges="uiMode"
59-->src/main/AndroidManifest.xml:49:13-43
60            android:label="@string/title_activity_additional_documents"
60-->src/main/AndroidManifest.xml:47:13-72
61            android:screenOrientation="portrait"
61-->src/main/AndroidManifest.xml:48:13-49
62            android:theme="@style/AppTheme.NoActionBar" />
62-->src/main/AndroidManifest.xml:50:13-56
63        <activity
63-->src/main/AndroidManifest.xml:51:9-56:59
64            android:name="app.intelehealth.client.activities.patientSurveyActivity.PatientSurveyActivity"
64-->src/main/AndroidManifest.xml:52:13-83
65            android:configChanges="uiMode"
65-->src/main/AndroidManifest.xml:55:13-43
66            android:label="@string/title_activity_patient_survey"
66-->src/main/AndroidManifest.xml:53:13-66
67            android:screenOrientation="portrait"
67-->src/main/AndroidManifest.xml:54:13-49
68            android:theme="@style/AppTheme.NoActionBar" />
68-->src/main/AndroidManifest.xml:56:13-56
69        <activity
69-->src/main/AndroidManifest.xml:57:9-64:59
70            android:name="app.intelehealth.client.activities.physcialExamActivity.PhysicalExamActivity"
70-->src/main/AndroidManifest.xml:58:13-81
71            android:configChanges="uiMode"
71-->src/main/AndroidManifest.xml:62:13-43
72            android:label="@string/title_activity_physical_exam"
72-->src/main/AndroidManifest.xml:59:13-65
73            android:parentActivityName="app.intelehealth.client.activities.pastMedicalHistoryActivity.PastMedicalHistoryActivity"
73-->src/main/AndroidManifest.xml:60:13-107
74            android:screenOrientation="portrait"
74-->src/main/AndroidManifest.xml:61:13-49
75            android:theme="@style/AppTheme.NoActionBar"
75-->src/main/AndroidManifest.xml:63:13-56
76            android:windowSoftInputMode="adjustNothing" />
76-->src/main/AndroidManifest.xml:64:13-56
77        <activity
77-->src/main/AndroidManifest.xml:65:9-72:59
78            android:name="app.intelehealth.client.activities.familyHistoryActivity.FamilyHistoryActivity"
78-->src/main/AndroidManifest.xml:66:13-83
79            android:configChanges="uiMode"
79-->src/main/AndroidManifest.xml:68:13-43
80            android:label="@string/title_activity_family_history"
80-->src/main/AndroidManifest.xml:67:13-66
81            android:parentActivityName="app.intelehealth.client.activities.pastMedicalHistoryActivity.PastMedicalHistoryActivity"
81-->src/main/AndroidManifest.xml:69:13-107
82            android:screenOrientation="portrait"
82-->src/main/AndroidManifest.xml:70:13-49
83            android:theme="@style/AppTheme.NoActionBar"
83-->src/main/AndroidManifest.xml:71:13-56
84            android:windowSoftInputMode="adjustNothing" />
84-->src/main/AndroidManifest.xml:72:13-56
85        <activity
85-->src/main/AndroidManifest.xml:73:9-80:59
86            android:name="app.intelehealth.client.activities.pastMedicalHistoryActivity.PastMedicalHistoryActivity"
86-->src/main/AndroidManifest.xml:74:13-93
87            android:configChanges="uiMode"
87-->src/main/AndroidManifest.xml:78:13-43
88            android:label="@string/title_activity_past_medical_history"
88-->src/main/AndroidManifest.xml:75:13-72
89            android:parentActivityName="app.intelehealth.client.activities.questionNodeActivity.QuestionNodeActivity"
89-->src/main/AndroidManifest.xml:76:13-95
90            android:screenOrientation="portrait"
90-->src/main/AndroidManifest.xml:77:13-49
91            android:theme="@style/AppTheme.NoActionBar"
91-->src/main/AndroidManifest.xml:79:13-56
92            android:windowSoftInputMode="adjustNothing" />
92-->src/main/AndroidManifest.xml:80:13-56
93        <activity
93-->src/main/AndroidManifest.xml:81:9-87:59
94            android:name="app.intelehealth.client.activities.questionNodeActivity.QuestionNodeActivity"
94-->src/main/AndroidManifest.xml:82:13-81
95            android:configChanges="uiMode"
95-->src/main/AndroidManifest.xml:85:13-43
96            android:label="@string/title_activity_question_node"
96-->src/main/AndroidManifest.xml:83:13-65
97            android:screenOrientation="portrait"
97-->src/main/AndroidManifest.xml:84:13-49
98            android:theme="@style/AppTheme.NoActionBar"
98-->src/main/AndroidManifest.xml:86:13-56
99            android:windowSoftInputMode="adjustNothing" />
99-->src/main/AndroidManifest.xml:87:13-56
100        <activity
100-->src/main/AndroidManifest.xml:88:9-95:57
101            android:name="app.intelehealth.client.activities.complaintNodeActivity.ComplaintNodeActivity"
101-->src/main/AndroidManifest.xml:89:13-83
102            android:configChanges="uiMode"
102-->src/main/AndroidManifest.xml:91:13-43
103            android:label="@string/title_activity_complaint_node"
103-->src/main/AndroidManifest.xml:90:13-66
104            android:parentActivityName="app.intelehealth.client.activities.identificationActivity.IdentificationActivity"
104-->src/main/AndroidManifest.xml:92:13-99
105            android:screenOrientation="portrait"
105-->src/main/AndroidManifest.xml:93:13-49
106            android:theme="@style/AppTheme.NoActionBar"
106-->src/main/AndroidManifest.xml:94:13-56
107            android:windowSoftInputMode="stateHidden" />
107-->src/main/AndroidManifest.xml:95:13-54
108        <activity
108-->src/main/AndroidManifest.xml:97:9-101:59
109            android:name="app.intelehealth.client.activities.IntroActivity.IntroActivity"
109-->src/main/AndroidManifest.xml:98:13-67
110            android:configChanges="uiMode"
110-->src/main/AndroidManifest.xml:100:13-43
111            android:screenOrientation="portrait"
111-->src/main/AndroidManifest.xml:99:13-49
112            android:theme="@style/AppTheme.NoActionBar" />
112-->src/main/AndroidManifest.xml:101:13-56
113        <activity
113-->src/main/AndroidManifest.xml:103:9-113:20
114            android:name="app.intelehealth.client.activities.visitSummaryActivity.VisitSummaryActivity"
114-->src/main/AndroidManifest.xml:104:13-81
115            android:configChanges="orientation|keyboardHidden|uiMode"
115-->src/main/AndroidManifest.xml:105:13-70
116            android:label="@string/title_activity_visit_summary"
116-->src/main/AndroidManifest.xml:106:13-65
117            android:parentActivityName="app.intelehealth.client.activities.homeActivity.HomeActivity"
117-->src/main/AndroidManifest.xml:107:13-79
118            android:screenOrientation="portrait"
118-->src/main/AndroidManifest.xml:108:13-49
119            android:theme="@style/AppTheme.NoActionBar" >
119-->src/main/AndroidManifest.xml:109:13-56
120            <meta-data
120-->src/main/AndroidManifest.xml:110:13-112:73
121                android:name="android.support.PARENT_ACTIVITY"
121-->src/main/AndroidManifest.xml:111:17-63
122                android:value=".activities.homeActivity.HomeActivity" />
122-->src/main/AndroidManifest.xml:112:17-70
123        </activity>
124        <activity
124-->src/main/AndroidManifest.xml:114:9-119:59
125            android:name="app.intelehealth.client.activities.vitalActivity.VitalsActivity"
125-->src/main/AndroidManifest.xml:115:13-68
126            android:configChanges="uiMode"
126-->src/main/AndroidManifest.xml:118:13-43
127            android:label="@string/title_activity_vitals"
127-->src/main/AndroidManifest.xml:116:13-58
128            android:screenOrientation="portrait"
128-->src/main/AndroidManifest.xml:117:13-49
129            android:theme="@style/AppTheme.NoActionBar" />
129-->src/main/AndroidManifest.xml:119:13-56
130        <activity
130-->src/main/AndroidManifest.xml:120:9-124:59
131            android:name="app.intelehealth.client.activities.patientDetailActivity.PatientDetailActivity"
131-->src/main/AndroidManifest.xml:121:13-83
132            android:configChanges="uiMode"
132-->src/main/AndroidManifest.xml:123:13-43
133            android:screenOrientation="portrait"
133-->src/main/AndroidManifest.xml:122:13-49
134            android:theme="@style/AppTheme.NoActionBar" />
134-->src/main/AndroidManifest.xml:124:13-56
135        <activity
135-->src/main/AndroidManifest.xml:125:9-130:59
136            android:name="app.intelehealth.client.activities.cameraActivity.CameraActivity"
136-->src/main/AndroidManifest.xml:126:13-69
137            android:configChanges="uiMode"
137-->src/main/AndroidManifest.xml:129:13-43
138            android:label="@string/title_activity_camera"
138-->src/main/AndroidManifest.xml:127:13-58
139            android:screenOrientation="portrait"
139-->src/main/AndroidManifest.xml:128:13-49
140            android:theme="@style/AppTheme.NoActionBar" />
140-->src/main/AndroidManifest.xml:130:13-56
141        <activity
141-->src/main/AndroidManifest.xml:131:9-136:59
142            android:name="app.intelehealth.client.activities.activitySync.ActivitySync"
142-->src/main/AndroidManifest.xml:132:13-65
143            android:configChanges="uiMode"
143-->src/main/AndroidManifest.xml:134:13-43
144            android:label="@string/title_activity_sync"
144-->src/main/AndroidManifest.xml:133:13-56
145            android:screenOrientation="portrait"
145-->src/main/AndroidManifest.xml:135:13-49
146            android:theme="@style/AppTheme.NoActionBar" />
146-->src/main/AndroidManifest.xml:136:13-56
147        <activity
147-->src/main/AndroidManifest.xml:137:9-142:59
148            android:name="app.intelehealth.client.activities.videoLibraryActivity.VideoLibraryActivity"
148-->src/main/AndroidManifest.xml:138:13-81
149            android:configChanges="uiMode"
149-->src/main/AndroidManifest.xml:141:13-43
150            android:label="@string/title_activity_video_library"
150-->src/main/AndroidManifest.xml:139:13-65
151            android:screenOrientation="portrait"
151-->src/main/AndroidManifest.xml:140:13-49
152            android:theme="@style/AppTheme.NoActionBar" />
152-->src/main/AndroidManifest.xml:142:13-56
153        <activity
153-->src/main/AndroidManifest.xml:143:9-148:59
154            android:name="app.intelehealth.client.activities.activePatientsActivity.ActivePatientActivity"
154-->src/main/AndroidManifest.xml:144:13-84
155            android:configChanges="uiMode"
155-->src/main/AndroidManifest.xml:147:13-43
156            android:label="@string/title_activity_active_patient"
156-->src/main/AndroidManifest.xml:145:13-66
157            android:screenOrientation="portrait"
157-->src/main/AndroidManifest.xml:146:13-49
158            android:theme="@style/AppTheme.NoActionBar" />
158-->src/main/AndroidManifest.xml:148:13-56
159        <activity
159-->src/main/AndroidManifest.xml:149:9-154:59
160            android:name="app.intelehealth.client.activities.todayPatientActivity.TodayPatientActivity"
160-->src/main/AndroidManifest.xml:150:13-81
161            android:configChanges="uiMode"
161-->src/main/AndroidManifest.xml:153:13-43
162            android:label="@string/title_activity_today_patient"
162-->src/main/AndroidManifest.xml:151:13-65
163            android:screenOrientation="portrait"
163-->src/main/AndroidManifest.xml:152:13-49
164            android:theme="@style/AppTheme.NoActionBar" />
164-->src/main/AndroidManifest.xml:154:13-56
165        <activity
165-->src/main/AndroidManifest.xml:155:9-171:20
166            android:name="app.intelehealth.client.activities.searchPatientActivity.SearchPatientActivity"
166-->src/main/AndroidManifest.xml:156:13-83
167            android:configChanges="uiMode"
167-->src/main/AndroidManifest.xml:159:13-43
168            android:label="@string/title_activity_search_patient"
168-->src/main/AndroidManifest.xml:157:13-66
169            android:screenOrientation="portrait"
169-->src/main/AndroidManifest.xml:158:13-49
170            android:theme="@style/AppTheme.NoActionBar" >
170-->src/main/AndroidManifest.xml:160:13-56
171            <intent-filter>
171-->src/main/AndroidManifest.xml:161:13-163:29
172                <action android:name="android.intent.action.SEARCH" />
172-->src/main/AndroidManifest.xml:162:17-71
172-->src/main/AndroidManifest.xml:162:25-68
173            </intent-filter>
174
175            <meta-data
175-->src/main/AndroidManifest.xml:165:13-167:54
176                android:name="android.app.searchable"
176-->src/main/AndroidManifest.xml:166:17-54
177                android:resource="@xml/searchable" />
177-->src/main/AndroidManifest.xml:167:17-51
178            <meta-data
178-->src/main/AndroidManifest.xml:110:13-112:73
179                android:name="android.support.PARENT_ACTIVITY"
179-->src/main/AndroidManifest.xml:111:17-63
180                android:value=".activities.homeActivity.HomeActivity" />
180-->src/main/AndroidManifest.xml:112:17-70
181        </activity>
182        <activity
182-->src/main/AndroidManifest.xml:172:9-177:59
183            android:name="app.intelehealth.client.activities.identificationActivity.IdentificationActivity"
183-->src/main/AndroidManifest.xml:173:13-85
184            android:configChanges="uiMode"
184-->src/main/AndroidManifest.xml:176:13-43
185            android:label="@string/title_activity_identification"
185-->src/main/AndroidManifest.xml:174:13-66
186            android:screenOrientation="portrait"
186-->src/main/AndroidManifest.xml:175:13-49
187            android:theme="@style/AppTheme.NoActionBar" />
187-->src/main/AndroidManifest.xml:177:13-56
188        <activity
188-->src/main/AndroidManifest.xml:178:9-187:20
189            android:name="app.intelehealth.client.activities.settingsActivity.SettingsActivity"
189-->src/main/AndroidManifest.xml:179:13-73
190            android:configChanges="orientation|keyboardHidden|uiMode"
190-->src/main/AndroidManifest.xml:180:13-70
191            android:label="@string/title_activity_settings"
191-->src/main/AndroidManifest.xml:181:13-60
192            android:parentActivityName="app.intelehealth.client.activities.homeActivity.HomeActivity"
192-->src/main/AndroidManifest.xml:182:13-79
193            android:screenOrientation="portrait" >
193-->src/main/AndroidManifest.xml:183:13-49
194            <meta-data
194-->src/main/AndroidManifest.xml:110:13-112:73
195                android:name="android.support.PARENT_ACTIVITY"
195-->src/main/AndroidManifest.xml:111:17-63
196                android:value=".activities.homeActivity.HomeActivity" />
196-->src/main/AndroidManifest.xml:112:17-70
197        </activity>
198        <activity
198-->src/main/AndroidManifest.xml:188:9-193:59
199            android:name="app.intelehealth.client.activities.loginActivity.LoginActivity"
199-->src/main/AndroidManifest.xml:189:13-67
200            android:configChanges="uiMode"
200-->src/main/AndroidManifest.xml:192:13-43
201            android:label="@string/title_activity_login"
201-->src/main/AndroidManifest.xml:190:13-57
202            android:screenOrientation="portrait"
202-->src/main/AndroidManifest.xml:191:13-49
203            android:theme="@style/AppTheme.NoActionBar" />
203-->src/main/AndroidManifest.xml:193:13-56
204        <activity
204-->src/main/AndroidManifest.xml:194:9-203:20
205            android:name="app.intelehealth.client.activities.homeActivity.HomeActivity"
205-->src/main/AndroidManifest.xml:195:13-65
206            android:configChanges="uiMode"
206-->src/main/AndroidManifest.xml:198:13-43
207            android:label="@string/title_activity_home"
207-->src/main/AndroidManifest.xml:196:13-56
208            android:screenOrientation="portrait"
208-->src/main/AndroidManifest.xml:197:13-49
209            android:theme="@style/AppTheme.NoActionBar" >
209-->src/main/AndroidManifest.xml:199:13-56
210            <meta-data
210-->src/main/AndroidManifest.xml:110:13-112:73
211                android:name="android.support.PARENT_ACTIVITY"
211-->src/main/AndroidManifest.xml:111:17-63
212                android:value=".activities.homeActivity.HomeActivity" />
212-->src/main/AndroidManifest.xml:112:17-70
213        </activity>
214        <activity
214-->src/main/AndroidManifest.xml:204:9-214:20
215            android:name="app.intelehealth.client.activities.splash_activity.SplashActivity"
215-->src/main/AndroidManifest.xml:205:13-70
216            android:configChanges="orientation|keyboardHidden|screenSize|uiMode"
216-->src/main/AndroidManifest.xml:206:13-81
217            android:screenOrientation="portrait"
217-->src/main/AndroidManifest.xml:207:13-49
218            android:theme="@style/AppTheme.NoActionBar" >
218-->src/main/AndroidManifest.xml:208:13-56
219            <intent-filter>
219-->src/main/AndroidManifest.xml:209:13-213:29
220                <action android:name="android.intent.action.MAIN" />
220-->src/main/AndroidManifest.xml:210:17-69
220-->src/main/AndroidManifest.xml:210:25-66
221
222                <category android:name="android.intent.category.LAUNCHER" />
222-->src/main/AndroidManifest.xml:212:17-77
222-->src/main/AndroidManifest.xml:212:27-74
223            </intent-filter>
224        </activity>
225        <activity
225-->src/main/AndroidManifest.xml:215:9-220:59
226            android:name="app.intelehealth.client.activities.setupActivity.SetupActivity"
226-->src/main/AndroidManifest.xml:216:13-67
227            android:configChanges="uiMode"
227-->src/main/AndroidManifest.xml:219:13-43
228            android:label="@string/title_activity_setup"
228-->src/main/AndroidManifest.xml:217:13-57
229            android:screenOrientation="portrait"
229-->src/main/AndroidManifest.xml:218:13-49
230            android:theme="@style/AppTheme.NoActionBar" />
230-->src/main/AndroidManifest.xml:220:13-56
231
232        <service
232-->src/main/AndroidManifest.xml:222:9-232:19
233            android:name="app.intelehealth.client.utilities.OpenMRSAccountAuthenticatorService"
233-->src/main/AndroidManifest.xml:223:13-73
234            android:exported="false" >
234-->src/main/AndroidManifest.xml:224:13-37
235            <intent-filter>
235-->src/main/AndroidManifest.xml:225:13-227:29
236                <action android:name="android.accounts.AccountAuthenticator" />
236-->src/main/AndroidManifest.xml:226:17-80
236-->src/main/AndroidManifest.xml:226:25-77
237            </intent-filter>
238
239            <meta-data
239-->src/main/AndroidManifest.xml:229:13-231:57
240                android:name="android.accounts.AccountAuthenticator"
240-->src/main/AndroidManifest.xml:230:17-69
241                android:resource="@xml/authenticator" />
241-->src/main/AndroidManifest.xml:231:17-54
242        </service>
243        <service
243-->src/main/AndroidManifest.xml:233:9-237:37
244            android:name="app.intelehealth.client.services.RunAfterBootService"
244-->src/main/AndroidManifest.xml:234:13-57
245            android:enabled="true"
245-->src/main/AndroidManifest.xml:235:13-35
246            android:exported="false"
246-->src/main/AndroidManifest.xml:236:13-37
247            android:permission="" />
247-->src/main/AndroidManifest.xml:237:13-34
248
249        <receiver
249-->src/main/AndroidManifest.xml:239:9-246:20
250            android:name="app.intelehealth.client.syncModule.BootCompleteReceiver"
250-->src/main/AndroidManifest.xml:240:13-60
251            android:enabled="true"
251-->src/main/AndroidManifest.xml:241:13-35
252            android:exported="false" >
252-->src/main/AndroidManifest.xml:242:13-37
253            <intent-filter>
253-->src/main/AndroidManifest.xml:243:13-245:29
254                <action android:name="android.intent.action.BOOT_COMPLETED" />
254-->src/main/AndroidManifest.xml:244:17-79
254-->src/main/AndroidManifest.xml:244:25-76
255            </intent-filter>
256        </receiver>
257
258        <provider
258-->src/main/AndroidManifest.xml:248:9-251:40
259            android:name="app.intelehealth.client.activities.searchPatientActivity.SearchSuggestionProvider"
259-->src/main/AndroidManifest.xml:249:13-86
260            android:authorities="app.intelehealth.client.activities.searchPatientActivity.SearchSuggestionProvider"
260-->src/main/AndroidManifest.xml:250:13-116
261            android:exported="false" />
261-->src/main/AndroidManifest.xml:251:13-37
262
263        <service android:name="app.intelehealth.client.services.DownloadService" />
263-->src/main/AndroidManifest.xml:253:9-61
263-->src/main/AndroidManifest.xml:253:18-58
264        <service android:name="app.intelehealth.client.services.MyIntentService" />
264-->src/main/AndroidManifest.xml:254:9-61
264-->src/main/AndroidManifest.xml:254:18-58
265        <service android:name="app.intelehealth.client.services.LastSyncIntentService" />
265-->src/main/AndroidManifest.xml:255:9-67
265-->src/main/AndroidManifest.xml:255:18-64
266        <service android:name="app.intelehealth.client.services.UpdateDownloadPrescriptionService" /> <!-- Firebase Services -->
266-->src/main/AndroidManifest.xml:256:9-79
266-->src/main/AndroidManifest.xml:256:18-76
267        <service android:name="app.intelehealth.client.services.firebase_services.MyFirebaseMessagingService" >
267-->src/main/AndroidManifest.xml:257:9-261:19
267-->src/main/AndroidManifest.xml:257:18-87
268            <intent-filter>
268-->src/main/AndroidManifest.xml:258:13-260:29
269                <action android:name="com.google.firebase.MESSAGING_EVENT" />
269-->src/main/AndroidManifest.xml:259:17-78
269-->src/main/AndroidManifest.xml:259:25-75
270            </intent-filter>
271        </service>
272        <service android:name="app.intelehealth.client.services.firebase_services.MyFirebaseInstanceIdService" >
272-->src/main/AndroidManifest.xml:262:9-266:19
272-->src/main/AndroidManifest.xml:262:18-88
273            <intent-filter>
273-->src/main/AndroidManifest.xml:263:13-265:29
274                <action android:name="com.google.firebase.INSTANCE_ID_EVENT" />
274-->src/main/AndroidManifest.xml:264:17-80
274-->src/main/AndroidManifest.xml:264:25-77
275            </intent-filter>
276        </service>
277
278        <meta-data
278-->src/main/AndroidManifest.xml:268:9-270:36
279            android:name="firebase_crashlytics_collection_enabled"
279-->src/main/AndroidManifest.xml:269:13-67
280            android:value="true" />
280-->src/main/AndroidManifest.xml:270:13-33
281
282        <activity
282-->[gun0912.ted:tedpermission:2.2.2] AndroidManifest.xml:10:9-14:67
283            android:name="com.gun0912.tedpermission.TedPermissionActivity"
283-->[gun0912.ted:tedpermission:2.2.2] AndroidManifest.xml:11:13-75
284            android:configChanges="mcc|mnc|locale|keyboard|keyboardHidden|screenLayout|fontScale|uiMode|orientation|screenSize|layoutDirection"
284-->[gun0912.ted:tedpermission:2.2.2] AndroidManifest.xml:12:13-144
285            android:screenOrientation="unspecified"
285-->[gun0912.ted:tedpermission:2.2.2] AndroidManifest.xml:13:13-52
286            android:theme="@style/Theme.Transparent.Permission" />
286-->[gun0912.ted:tedpermission:2.2.2] AndroidManifest.xml:14:13-64
287
288        <provider
288-->[androidx.work:work-runtime:2.0.1] AndroidManifest.xml:28:9-34:35
289            android:name="androidx.work.impl.WorkManagerInitializer"
289-->[androidx.work:work-runtime:2.0.1] AndroidManifest.xml:29:13-69
290            android:authorities="com.mssa.emk.workmanager-init"
290-->[androidx.work:work-runtime:2.0.1] AndroidManifest.xml:30:13-68
291            android:directBootAware="false"
291-->[androidx.work:work-runtime:2.0.1] AndroidManifest.xml:31:13-44
292            android:exported="false"
292-->[androidx.work:work-runtime:2.0.1] AndroidManifest.xml:32:13-37
293            android:multiprocess="true" />
293-->[androidx.work:work-runtime:2.0.1] AndroidManifest.xml:33:13-40
294
295        <service
295-->[androidx.work:work-runtime:2.0.1] AndroidManifest.xml:36:9-41:35
296            android:name="androidx.work.impl.background.systemalarm.SystemAlarmService"
296-->[androidx.work:work-runtime:2.0.1] AndroidManifest.xml:37:13-88
297            android:directBootAware="false"